<?xml version="1.0" encoding="UTF-8"?>
<!-- Generated by org.testng.reporters.JUnitXMLReporter -->
<testsuite hostname="DDC-MIZELL" name="search test - FF" tests="1" failures="0" timestamp="22 Feb 2017 14:47:26 GMT" time="46.638" errors="0">
  <testcase name="@BeforeMethod setUpBrowser" time="0.0" classname="xbox.testcase.leaders.XboxLeaderCheck">
    <failure type="org.openqa.selenium.WebDriverException" message="Failed to connect to binary FirefoxBinary(C:\Program Files\Mozilla Firefox\firefox.exe) on port 7055; process output follows: 
:null,&amp;quot;defaultLocale&amp;quot;:{&amp;quot;name&amp;quot;:&amp;quot;Default&amp;quot;,&amp;quot;description&amp;quot;:&amp;quot;The default theme.&amp;quot;,&amp;quot;creator&amp;quot;:&amp;quot;Mozilla&amp;quot;,&amp;quot;homepageURL&amp;quot;:null,&amp;quot;contributors&amp;quot;:[&amp;quot;Mozilla Contributors&amp;quot;]},&amp;quot;visible&amp;quot;:true,&amp;quot;active&amp;quot;:true,&amp;quot;userDisabled&amp;quot;:false,&amp;quot;appDisabled&amp;quot;:false,&amp;quot;descriptor&amp;quot;:&amp;quot;C:\\Program Files\\Mozilla Firefox\\browser\\extensions\\{972ce4c6-7e08-4474-a285-3208198ce6fd}.xpi&amp;quot;,&amp;quot;installDate&amp;quot;:1487620084415,&amp;quot;updateDate&amp;quot;:1487620084415,&amp;quot;applyBackgroundUpdates&amp;quot;:1,&amp;quot;skinnable&amp;quot;:true,&amp;quot;size&amp;quot;:19708,&amp;quot;sourceURI&amp;quot;:null,&amp;quot;releaseNotesURI&amp;quot;:null,&amp;quot;softDisabled&amp;quot;:false,&amp;quot;foreignInstall&amp;quot;:false,&amp;quot;hasBinaryComponents&amp;quot;:false,&amp;quot;strictCompatibility&amp;quot;:true,&amp;quot;locales&amp;quot;:[],&amp;quot;targetApplications&amp;quot;:[{&amp;quot;id&amp;quot;:&amp;quot;{ec8030f7-c20a-464f-9b0e-13a3a9e97384}&amp;quot;,&amp;quot;minVersion&amp;quot;:&amp;quot;51.0.1&amp;quot;,&amp;quot;maxVersion&amp;quot;:&amp;quot;51.0.1&amp;quot;}],&amp;quot;targetPlatforms&amp;quot;:[],&amp;quot;seen&amp;quot;:true,&amp;quot;dependencies&amp;quot;:[],&amp;quot;hasEmbeddedWebExtension&amp;quot;:false}
1487774801785	addons.xpi	DEBUG	getModTime: Recursive scan of {972ce4c6-7e08-4474-a285-3208198ce6fd}
1487774801786	DeferredSave.extensions.json	DEBUG	Save changes
1487774801786	addons.xpi	DEBUG	Updating database with changes to installed add-ons
1487774801786	addons.xpi-utils	DEBUG	Updating add-on states
1487774801787	addons.xpi-utils	DEBUG	Writing add-ons list
1487774801790	addons.xpi	DEBUG	Registering manifest for C:\Program Files\Mozilla Firefox\browser\features\aushelper@mozilla.org.xpi
1487774801790	addons.xpi	DEBUG	Calling bootstrap method startup on aushelper@mozilla.org version 1.0
1487774801792	addons.xpi	DEBUG	Registering manifest for C:\Program Files\Mozilla Firefox\browser\features\e10srollout@mozilla.org.xpi
1487774801793	addons.xpi	DEBUG	Calling bootstrap method startup on e10srollout@mozilla.org version 1.7
1487774801794	addons.xpi	DEBUG	Registering manifest for C:\Program Files\Mozilla Firefox\browser\features\firefox@getpocket.com.xpi
1487774801795	addons.xpi	DEBUG	Calling bootstrap method startup on firefox@getpocket.com version 1.0.5
1487774801796	addons.xpi	DEBUG	Registering manifest for C:\Program Files\Mozilla Firefox\browser\features\webcompat@mozilla.org.xpi
1487774801796	addons.xpi	DEBUG	Calling bootstrap method startup on webcompat@mozilla.org version 1.0
1487774801799	addons.manager	DEBUG	Registering shutdown blocker for XPIProvider
1487774801799	addons.manager	DEBUG	Provider finished startup: XPIProvider
1487774801799	addons.manager	DEBUG	Starting provider: LightweightThemeManager
1487774801800	addons.manager	DEBUG	Registering shutdown blocker for LightweightThemeManager
1487774801801	addons.manager	DEBUG	Provider finished startup: LightweightThemeManager
1487774801801	addons.manager	DEBUG	Starting provider: GMPProvider
1487774801810	addons.manager	DEBUG	Registering shutdown blocker for GMPProvider
1487774801810	addons.manager	DEBUG	Provider finished startup: GMPProvider
1487774801811	addons.manager	DEBUG	Starting provider: PluginProvider
1487774801811	addons.manager	DEBUG	Registering shutdown blocker for PluginProvider
1487774801811	addons.manager	DEBUG	Provider finished startup: PluginProvider
1487774801812	addons.manager	DEBUG	Completed startup sequence
1487774802180	DeferredSave.extensions.json	DEBUG	Starting write
1487774802188	addons.manager	DEBUG	Starting provider: &amp;lt;unnamed-provider&amp;gt;
1487774802188	addons.manager	DEBUG	Registering shutdown blocker for &amp;lt;unnamed-provider&amp;gt;
1487774802188	addons.manager	DEBUG	Provider finished startup: &amp;lt;unnamed-provider&amp;gt;
1487774802606	addons.repository	DEBUG	No addons.json found.
1487774802606	DeferredSave.addons.json	DEBUG	Save changes
1487774802610	DeferredSave.addons.json	DEBUG	Starting timer
1487774802632	addons.manager	DEBUG	Starting provider: PreviousExperimentProvider
1487774802632	addons.manager	DEBUG	Registering shutdown blocker for PreviousExperimentProvider
1487774802633	addons.manager	DEBUG	Provider finished startup: PreviousExperimentProvider
1487774802635	DeferredSave.extensions.json	DEBUG	Write succeeded
1487774802636	addons.xpi-utils	DEBUG	XPI Database saved, setting schema version preference to 19
1487774802727	DeferredSave.addons.json	DEBUG	Starting write
1487774802766	DeferredSave.addons.json	DEBUG	Write succeeded

Build info: version: &amp;apos;2.53.1&amp;apos;, revision: &amp;apos;a36b8b1cd5757287168e54b817830adce9b0158d&amp;apos;, time: &amp;apos;2016-06-30 19:26:09&amp;apos;
System info: host: &amp;apos;DDC-MIZELL&amp;apos;, ip: &amp;apos;10.110.34.23&amp;apos;, os.name: &amp;apos;Windows 10&amp;apos;, os.arch: &amp;apos;amd64&amp;apos;, os.version: &amp;apos;10.0&amp;apos;, java.version: &amp;apos;1.8.0_121&amp;apos;
Driver info: driver.version: FirefoxDriver">
      <![CDATA[org.openqa.selenium.WebDriverException: Failed to connect to binary FirefoxBinary(C:\Program Files\Mozilla Firefox\firefox.exe) on port 7055; process output follows: 
:null,"defaultLocale":{"name":"Default","description":"The default theme.","creator":"Mozilla","homepageURL":null,"contributors":["Mozilla Contributors"]},"visible":true,"active":true,"userDisabled":false,"appDisabled":false,"descriptor":"C:\\Program Files\\Mozilla Firefox\\browser\\extensions\\{972ce4c6-7e08-4474-a285-3208198ce6fd}.xpi","installDate":1487620084415,"updateDate":1487620084415,"applyBackgroundUpdates":1,"skinnable":true,"size":19708,"sourceURI":null,"releaseNotesURI":null,"softDisabled":false,"foreignInstall":false,"hasBinaryComponents":false,"strictCompatibility":true,"locales":[],"targetApplications":[{"id":"{ec8030f7-c20a-464f-9b0e-13a3a9e97384}","minVersion":"51.0.1","maxVersion":"51.0.1"}],"targetPlatforms":[],"seen":true,"dependencies":[],"hasEmbeddedWebExtension":false}
1487774801785	addons.xpi	DEBUG	getModTime: Recursive scan of {972ce4c6-7e08-4474-a285-3208198ce6fd}
1487774801786	DeferredSave.extensions.json	DEBUG	Save changes
1487774801786	addons.xpi	DEBUG	Updating database with changes to installed add-ons
1487774801786	addons.xpi-utils	DEBUG	Updating add-on states
1487774801787	addons.xpi-utils	DEBUG	Writing add-ons list
1487774801790	addons.xpi	DEBUG	Registering manifest for C:\Program Files\Mozilla Firefox\browser\features\aushelper@mozilla.org.xpi
1487774801790	addons.xpi	DEBUG	Calling bootstrap method startup on aushelper@mozilla.org version 1.0
1487774801792	addons.xpi	DEBUG	Registering manifest for C:\Program Files\Mozilla Firefox\browser\features\e10srollout@mozilla.org.xpi
1487774801793	addons.xpi	DEBUG	Calling bootstrap method startup on e10srollout@mozilla.org version 1.7
1487774801794	addons.xpi	DEBUG	Registering manifest for C:\Program Files\Mozilla Firefox\browser\features\firefox@getpocket.com.xpi
1487774801795	addons.xpi	DEBUG	Calling bootstrap method startup on firefox@getpocket.com version 1.0.5
1487774801796	addons.xpi	DEBUG	Registering manifest for C:\Program Files\Mozilla Firefox\browser\features\webcompat@mozilla.org.xpi
1487774801796	addons.xpi	DEBUG	Calling bootstrap method startup on webcompat@mozilla.org version 1.0
1487774801799	addons.manager	DEBUG	Registering shutdown blocker for XPIProvider
1487774801799	addons.manager	DEBUG	Provider finished startup: XPIProvider
1487774801799	addons.manager	DEBUG	Starting provider: LightweightThemeManager
1487774801800	addons.manager	DEBUG	Registering shutdown blocker for LightweightThemeManager
1487774801801	addons.manager	DEBUG	Provider finished startup: LightweightThemeManager
1487774801801	addons.manager	DEBUG	Starting provider: GMPProvider
1487774801810	addons.manager	DEBUG	Registering shutdown blocker for GMPProvider
1487774801810	addons.manager	DEBUG	Provider finished startup: GMPProvider
1487774801811	addons.manager	DEBUG	Starting provider: PluginProvider
1487774801811	addons.manager	DEBUG	Registering shutdown blocker for PluginProvider
1487774801811	addons.manager	DEBUG	Provider finished startup: PluginProvider
1487774801812	addons.manager	DEBUG	Completed startup sequence
1487774802180	DeferredSave.extensions.json	DEBUG	Starting write
1487774802188	addons.manager	DEBUG	Starting provider: <unnamed-provider>
1487774802188	addons.manager	DEBUG	Registering shutdown blocker for <unnamed-provider>
1487774802188	addons.manager	DEBUG	Provider finished startup: <unnamed-provider>
1487774802606	addons.repository	DEBUG	No addons.json found.
1487774802606	DeferredSave.addons.json	DEBUG	Save changes
1487774802610	DeferredSave.addons.json	DEBUG	Starting timer
1487774802632	addons.manager	DEBUG	Starting provider: PreviousExperimentProvider
1487774802632	addons.manager	DEBUG	Registering shutdown blocker for PreviousExperimentProvider
1487774802633	addons.manager	DEBUG	Provider finished startup: PreviousExperimentProvider
1487774802635	DeferredSave.extensions.json	DEBUG	Write succeeded
1487774802636	addons.xpi-utils	DEBUG	XPI Database saved, setting schema version preference to 19
1487774802727	DeferredSave.addons.json	DEBUG	Starting write
1487774802766	DeferredSave.addons.json	DEBUG	Write succeeded

Build info: version: '2.53.1', revision: 'a36b8b1cd5757287168e54b817830adce9b0158d', time: '2016-06-30 19:26:09'
System info: host: 'DDC-MIZELL', ip: '10.110.34.23', os.name: 'Windows 10', os.arch: 'amd64', os.version: '10.0', java.version: '1.8.0_121'
Driver info: driver.version: FirefoxDriver
	at org.openqa.selenium.firefox.internal.NewProfileExtensionConnection.start(NewProfileExtensionConnection.java:125)
	at org.openqa.selenium.firefox.FirefoxDriver.startClient(FirefoxDriver.java:271)
	at org.openqa.selenium.remote.RemoteWebDriver.<init>(RemoteWebDriver.java:119)
	at org.openqa.selenium.firefox.FirefoxDriver.<init>(FirefoxDriver.java:216)
	at org.openqa.selenium.firefox.FirefoxDriver.<init>(FirefoxDriver.java:211)
	at org.openqa.selenium.firefox.FirefoxDriver.<init>(FirefoxDriver.java:207)
	at org.openqa.selenium.firefox.FirefoxDriver.<init>(FirefoxDriver.java:124)
	at util.TestCaseBase.setUpFirefoxWithNewProfile(TestCaseBase.java:259)
	at util.TestCaseBase.selectBrowser(TestCaseBase.java:74)
	at util.TestCaseBase.setUpBrowser(TestCaseBase.java:62)
Caused by: org.openqa.selenium.firefox.NotConnectedException: Unable to connect to host 127.0.0.1 on port 7055 after 45000 ms. Firefox console output:
:null,"defaultLocale":{"name":"Default","description":"The default theme.","creator":"Mozilla","homepageURL":null,"contributors":["Mozilla Contributors"]},"visible":true,"active":true,"userDisabled":false,"appDisabled":false,"descriptor":"C:\\Program Files\\Mozilla Firefox\\browser\\extensions\\{972ce4c6-7e08-4474-a285-3208198ce6fd}.xpi","installDate":1487620084415,"updateDate":1487620084415,"applyBackgroundUpdates":1,"skinnable":true,"size":19708,"sourceURI":null,"releaseNotesURI":null,"softDisabled":false,"foreignInstall":false,"hasBinaryComponents":false,"strictCompatibility":true,"locales":[],"targetApplications":[{"id":"{ec8030f7-c20a-464f-9b0e-13a3a9e97384}","minVersion":"51.0.1","maxVersion":"51.0.1"}],"targetPlatforms":[],"seen":true,"dependencies":[],"hasEmbeddedWebExtension":false}
1487774801785	addons.xpi	DEBUG	getModTime: Recursive scan of {972ce4c6-7e08-4474-a285-3208198ce6fd}
1487774801786	DeferredSave.extensions.json	DEBUG	Save changes
1487774801786	addons.xpi	DEBUG	Updating database with changes to installed add-ons
1487774801786	addons.xpi-utils	DEBUG	Updating add-on states
1487774801787	addons.xpi-utils	DEBUG	Writing add-ons list
1487774801790	addons.xpi	DEBUG	Registering manifest for C:\Program Files\Mozilla Firefox\browser\features\aushelper@mozilla.org.xpi
1487774801790	addons.xpi	DEBUG	Calling bootstrap method startup on aushelper@mozilla.org version 1.0
1487774801792	addons.xpi	DEBUG	Registering manifest for C:\Program Files\Mozilla Firefox\browser\features\e10srollout@mozilla.org.xpi
1487774801793	addons.xpi	DEBUG	Calling bootstrap method startup on e10srollout@mozilla.org version 1.7
1487774801794	addons.xpi	DEBUG	Registering manifest for C:\Program Files\Mozilla Firefox\browser\features\firefox@getpocket.com.xpi
1487774801795	addons.xpi	DEBUG	Calling bootstrap method startup on firefox@getpocket.com version 1.0.5
1487774801796	addons.xpi	DEBUG	Registering manifest for C:\Program Files\Mozilla Firefox\browser\features\webcompat@mozilla.org.xpi
1487774801796	addons.xpi	DEBUG	Calling bootstrap method startup on webcompat@mozilla.org version 1.0
1487774801799	addons.manager	DEBUG	Registering shutdown blocker for XPIProvider
1487774801799	addons.manager	DEBUG	Provider finished startup: XPIProvider
1487774801799	addons.manager	DEBUG	Starting provider: LightweightThemeManager
1487774801800	addons.manager	DEBUG	Registering shutdown blocker for LightweightThemeManager
1487774801801	addons.manager	DEBUG	Provider finished startup: LightweightThemeManager
1487774801801	addons.manager	DEBUG	Starting provider: GMPProvider
1487774801810	addons.manager	DEBUG	Registering shutdown blocker for GMPProvider
1487774801810	addons.manager	DEBUG	Provider finished startup: GMPProvider
1487774801811	addons.manager	DEBUG	Starting provider: PluginProvider
1487774801811	addons.manager	DEBUG	Registering shutdown blocker for PluginProvider
1487774801811	addons.manager	DEBUG	Provider finished startup: PluginProvider
1487774801812	addons.manager	DEBUG	Completed startup sequence
1487774802180	DeferredSave.extensions.json	DEBUG	Starting write
1487774802188	addons.manager	DEBUG	Starting provider: <unnamed-provider>
1487774802188	addons.manager	DEBUG	Registering shutdown blocker for <unnamed-provider>
1487774802188	addons.manager	DEBUG	Provider finished startup: <unnamed-provider>
1487774802606	addons.repository	DEBUG	No addons.json found.
1487774802606	DeferredSave.addons.json	DEBUG	Save changes
1487774802610	DeferredSave.addons.json	DEBUG	Starting timer
1487774802632	addons.manager	DEBUG	Starting provider: PreviousExperimentProvider
1487774802632	addons.manager	DEBUG	Registering shutdown blocker for PreviousExperimentProvider
1487774802633	addons.manager	DEBUG	Provider finished startup: PreviousExperimentProvider
1487774802635	DeferredSave.extensions.json	DEBUG	Write succeeded
1487774802636	addons.xpi-utils	DEBUG	XPI Database saved, setting schema version preference to 19
1487774802727	DeferredSave.addons.json	DEBUG	Starting write
1487774802766	DeferredSave.addons.json	DEBUG	Write succeeded

	at org.openqa.selenium.firefox.internal.NewProfileExtensionConnection.start(NewProfileExtensionConnection.java:113)
	... 39 more
... Removed 30 stack frames]]>
    </failure>
  </testcase> <!-- @BeforeMethod setUpBrowser -->
  <testcase name="@AfterMethod tearDown" time="0.0" classname="xbox.testcase.leaders.XboxLeaderCheck">
    <failure type="java.lang.NullPointerException">
      <![CDATA[java.lang.NullPointerException
	at util.TestCaseBase.tearDown(TestCaseBase.java:224)
... Removed 30 stack frames]]>
    </failure>
  </testcase> <!-- @AfterMethod tearDown -->
  <testcase name="testTopLeaders" time="0.002" classname="xbox.testcase.leaders.XboxLeaderCheck">
    <skipped/>
  </testcase> <!-- testTopLeaders -->
</testsuite> <!-- search test - FF -->
