<?xml version="1.0" encoding="UTF-8"?>
<!-- Generated by org.testng.reporters.JUnitXMLReporter -->
<testsuite hostname="PRFT-16817" ignored="0" name="Default test" tests="3" failures="0" timestamp="2022-03-17T12:36:39 CDT" time="35.879" errors="0">
  <testcase name="testTranslate" time="1.401" classname="google.testcase.translate.TC_03_GoogleTranslate"/>
  <testcase name="testSearchMap" time="10.658" classname="google.testcase.search.TC_02_GoogleMapSearch"/>
  <testcase name="testSearchWeb" time="5.358" classname="google.testcase.search.TC_01_GoogleWebSearch"/>
</testsuite> <!-- Default test -->
