<?xml version="1.0" encoding="UTF-8"?>
<testng-results skipped="0" failed="0" ignored="0" total="1" passed="1">
  <reporter-output>
  </reporter-output>
  <suite name="Default suite" duration-ms="16260" started-at="2022-03-21T09:58:48 CDT" finished-at="2022-03-21T09:59:04 CDT">
    <groups>
      <group name="ChromeWin32">
        <method signature="TC_02_GoogleMapSearch.testSearchMap()[pri:0, instance:google.testcase.search.TC_02_GoogleMapSearch@58c1c010]" name="testSearchMap" class="google.testcase.search.TC_02_GoogleMapSearch"/>
      </group> <!-- ChromeWin32 -->
    </groups>
    <test name="Default test" duration-ms="16260" started-at="2022-03-21T09:58:48 CDT" finished-at="2022-03-21T09:59:04 CDT">
      <class name="google.testcase.search.TC_02_GoogleMapSearch">
        <test-method status="PASS" signature="setUpBrowser(java.lang.String,java.lang.String,java.lang.String,java.lang.String)[pri:0, instance:google.testcase.search.TC_02_GoogleMapSearch@58c1c010]" name="setUpBrowser" is-config="true" duration-ms="1635" started-at="2022-03-21T09:58:48 CDT" finished-at="2022-03-21T09:58:49 CDT">
          <params>
            <param index="0">
              <value>
                <![CDATA[chrome]]>
              </value>
            </param>
            <param index="1">
              <value>
                <![CDATA[false]]>
              </value>
            </param>
            <param index="2">
              <value>
                <![CDATA[0]]>
              </value>
            </param>
            <param index="3">
              <value>
                <![CDATA[0]]>
              </value>
            </param>
          </params>
          <reporter-output>
          </reporter-output>
        </test-method> <!-- setUpBrowser -->
        <test-method status="PASS" signature="testSearchMap()[pri:0, instance:google.testcase.search.TC_02_GoogleMapSearch@58c1c010]" name="testSearchMap" duration-ms="8417" started-at="2022-03-21T09:58:49 CDT" finished-at="2022-03-21T09:58:58 CDT">
          <reporter-output>
          </reporter-output>
        </test-method> <!-- testSearchMap -->
        <test-method status="PASS" signature="tearDown()[pri:0, instance:google.testcase.search.TC_02_GoogleMapSearch@58c1c010]" name="tearDown" is-config="true" duration-ms="6185" started-at="2022-03-21T09:58:58 CDT" finished-at="2022-03-21T09:59:04 CDT">
          <reporter-output>
          </reporter-output>
        </test-method> <!-- tearDown -->
      </class> <!-- google.testcase.search.TC_02_GoogleMapSearch -->
    </test> <!-- Default test -->
  </suite> <!-- Default suite -->
</testng-results>
